app/build/intermediates/manifest_merge_blame_file/release/manifest-merger-blame-release-report.txt
1<?xml version="1.0" encoding="utf-8"?>
2<manifest xmlns:android="http://schemas.android.com/apk/res/android"
3    package="com.example.photolab2"
4    android:versionCode="1"
5    android:versionName="1.0" >
6
7    <uses-sdk
8        android:minSdkVersion="26"
8-->src\main\AndroidManifest.xml
9        android:targetSdkVersion="29" />
9-->src\main\AndroidManifest.xml
10
11    <uses-permission android:name="android.permission.WAKE_LOCK" />
11-->src\main\AndroidManifest.xml:5:5-68
11-->src\main\AndroidManifest.xml:5:22-65
12
13    <uses-feature
13-->src\main\AndroidManifest.xml:6:5-8:35
14        android:name="android.hardware.camera"
14-->src\main\AndroidManifest.xml:7:9-47
15        android:required="true" />
15-->src\main\AndroidManifest.xml:8:9-32
16
17    <uses-permission android:name="android.permission.READ_EXTERNAL_STORAGE" />
17-->src\main\AndroidManifest.xml:10:5-80
17-->src\main\AndroidManifest.xml:10:22-77
18    <uses-permission android:name="android.permission.WRITE_EXTERNAL_STORAGE" />
18-->src\main\AndroidManifest.xml:11:5-81
18-->src\main\AndroidManifest.xml:11:22-78
19
20    <application
20-->src\main\AndroidManifest.xml:13:5-48:19
21        android:allowBackup="true"
21-->src\main\AndroidManifest.xml:14:9-35
22        android:appComponentFactory="androidx.core.app.CoreComponentFactory"
22-->[androidx.core:core:1.3.1] AndroidManifest.xml:24:18-86
23        android:extractNativeLibs="false"
24        android:icon="@mipmap/ic_launcher"
24-->src\main\AndroidManifest.xml:15:9-43
25        android:label="@string/app_name"
25-->src\main\AndroidManifest.xml:16:9-41
26        android:roundIcon="@mipmap/ic_launcher_round"
26-->src\main\AndroidManifest.xml:17:9-54
27        android:supportsRtl="true"
27-->src\main\AndroidManifest.xml:18:9-35
28        android:testOnly="true"
29        android:theme="@style/AppTheme" >
29-->src\main\AndroidManifest.xml:19:9-40
30
31        <!--
32               Set to true if your app is Standalone, that is, it does not require the handheld
33               app to run.
34        -->
35
36        <provider
36-->src\main\AndroidManifest.xml:26:9-34:20
37            android:name="androidx.core.content.FileProvider"
37-->src\main\AndroidManifest.xml:27:13-62
38            android:authorities="com.example.photolab2.fileprovider"
38-->src\main\AndroidManifest.xml:28:13-69
39            android:exported="false"
39-->src\main\AndroidManifest.xml:29:13-37
40            android:grantUriPermissions="true" >
40-->src\main\AndroidManifest.xml:30:13-47
41            <meta-data
41-->src\main\AndroidManifest.xml:31:13-33:54
42                android:name="android.support.FILE_PROVIDER_PATHS"
42-->src\main\AndroidManifest.xml:32:17-67
43                android:resource="@xml/file_paths" />
43-->src\main\AndroidManifest.xml:33:17-51
44        </provider>
45
46        <activity android:name="com.example.photolab2.MainActivity" >
46-->src\main\AndroidManifest.xml:36:9-42:20
46-->src\main\AndroidManifest.xml:36:19-47
47            <intent-filter>
47-->src\main\AndroidManifest.xml:37:13-41:29
48                <action android:name="android.intent.action.MAIN" />
48-->src\main\AndroidManifest.xml:38:17-69
48-->src\main\AndroidManifest.xml:38:25-66
49
50                <category android:name="android.intent.category.LAUNCHER" />
50-->src\main\AndroidManifest.xml:40:17-77
50-->src\main\AndroidManifest.xml:40:27-74
51            </intent-filter>
52        </activity>
53        <activity
53-->src\main\AndroidManifest.xml:44:9-47:20
54            android:name="com.example.photolab2.SearchActivity"
54-->src\main\AndroidManifest.xml:45:13-43
55            android:label="@string/title_activity_search" >
55-->src\main\AndroidManifest.xml:46:13-58
56        </activity>
57    </application>
58
59</manifest><!--
60<?xml version="1.0" encoding="utf-8"?>
61<manifest xmlns:android="http://schemas.android.com/apk/res/android"
62    package="com.example.photolab2">
63
64    <uses-feature android:name="android.hardware.camera"
65        android:required="true" />
66
67    <uses-permission android:name="android.permission.READ_EXTERNAL_STORAGE" />
68    <uses-permission android:name="android.permission.WRITE_EXTERNAL_STORAGE" />
69
70    <application
71        android:allowBackup="true"
72        android:icon="@mipmap/ic_launcher"
73        android:label="@string/app_name"
74        android:roundIcon="@mipmap/ic_launcher_round"
75        android:supportsRtl="true"
76        android:theme="@style/AppTheme">
77        <provider
78            android:name="androidx.core.content.FileProvider"
79            android:authorities="com.example.photolab2.fileprovider"
80            android:exported="false"
81            android:grantUriPermissions="true">
82            <meta-data
83                android:name="android.support.FILE_PROVIDER_PATHS"
84                android:resource="@xml/file_paths"></meta-data>
85        </provider>
86        <activity android:name=".MainActivity">
87            <intent-filter>
88                <action android:name="android.intent.action.MAIN" />
89
90                <category android:name="android.intent.category.LAUNCHER" />
91            </intent-filter>
92        </activity>
93    </application>
94
95</manifest>
96-->